[2022-05-05 13:13:20][INFO][Version.java:21] HV000001: Hibernate Validator 6.2.3.Final
[2022-05-05 13:13:20][INFO][StartupInfoLogger.java:55] Starting ShopApplication using Java 11.0.8 on DESKTOP-35LBMJ3 with PID 14448 (D:\MyProject\personal_project\ShoppingMall\shop\out\production\classes started by MoMoon in D:\MyProject\personal_project\ShoppingMall\shop)
[2022-05-05 13:13:20][INFO][SpringApplication.java:640] No active profile set, falling back to 1 default profile: "default"
[2022-05-05 13:13:20][INFO][DeferredLog.java:255] Devtools property defaults active! Set 'spring.devtools.add-properties' to 'false' to disable
[2022-05-05 13:13:20][INFO][DeferredLog.java:255] For additional web related logging consider setting the 'logging.level.web' property to 'DEBUG'
[2022-05-05 13:13:20][INFO][RepositoryConfigurationDelegate.java:132] Bootstrapping Spring Data JPA repositories in DEFAULT mode.
[2022-05-05 13:13:20][INFO][RepositoryConfigurationDelegate.java:201] Finished Spring Data repository scanning in 33 ms. Found 4 JPA repository interfaces.
[2022-05-05 13:13:21][INFO][TomcatWebServer.java:108] Tomcat initialized with port(s): 8080 (http)
[2022-05-05 13:13:21][INFO][DirectJDKLog.java:173] Initializing ProtocolHandler ["http-nio-8080"]
[2022-05-05 13:13:21][INFO][DirectJDKLog.java:173] Starting service [Tomcat]
[2022-05-05 13:13:21][INFO][DirectJDKLog.java:173] Starting Servlet engine: [Apache Tomcat/9.0.60]
[2022-05-05 13:13:21][INFO][DirectJDKLog.java:173] Initializing Spring embedded WebApplicationContext
[2022-05-05 13:13:21][INFO][ServletWebServerApplicationContext.java:290] Root WebApplicationContext: initialization completed in 1192 ms
[2022-05-05 13:13:21][INFO][LogHelper.java:31] HHH000204: Processing PersistenceUnitInfo [name: default]
[2022-05-05 13:13:21][INFO][Version.java:44] HHH000412: Hibernate ORM core version 5.6.7.Final
[2022-05-05 13:13:21][INFO][JavaReflectionManager.java:56] HCANN000001: Hibernate Commons Annotations {5.1.2.Final}
[2022-05-05 13:13:21][INFO][HikariDataSource.java:110] HikariPool-1 - Starting...
[2022-05-05 13:13:21][INFO][HikariDataSource.java:123] HikariPool-1 - Start completed.
[2022-05-05 13:13:21][INFO][Dialect.java:175] HHH000400: Using dialect: org.hibernate.dialect.MariaDB106Dialect
[2022-05-05 13:13:23][INFO][JtaPlatformInitiator.java:52] HHH000490: Using JtaPlatform implementation: [org.hibernate.engine.transaction.jta.platform.internal.NoJtaPlatform]
[2022-05-05 13:13:23][INFO][AbstractEntityManagerFactoryBean.java:437] Initialized JPA EntityManagerFactory for persistence unit 'default'
[2022-05-05 13:13:24][WARN][JpaBaseConfiguration.java:219] spring.jpa.open-in-view is enabled by default. Therefore, database queries may be performed during view rendering. Explicitly configure spring.jpa.open-in-view to disable this warning
[2022-05-05 13:13:24][WARN][WebSecurity.java:294] You are asking Spring Security to ignore org.springframework.boot.autoconfigure.security.servlet.StaticResourceRequest$StaticResourceRequestMatcher@4baf61d. This is not recommended -- please use permitAll via HttpSecurity#authorizeHttpRequests instead.
[2022-05-05 13:13:24][INFO][DefaultSecurityFilterChain.java:55] Will secure org.springframework.boot.autoconfigure.security.servlet.StaticResourceRequest$StaticResourceRequestMatcher@4baf61d with []
[2022-05-05 13:13:24][WARN][WebSecurity.java:294] You are asking Spring Security to ignore Ant [pattern='/./templates/**']. This is not recommended -- please use permitAll via HttpSecurity#authorizeHttpRequests instead.
[2022-05-05 13:13:24][INFO][DefaultSecurityFilterChain.java:55] Will secure Ant [pattern='/./templates/**'] with []
[2022-05-05 13:13:24][INFO][DefaultSecurityFilterChain.java:52] Will not secure any request
[2022-05-05 13:13:24][INFO][OptionalLiveReloadServer.java:58] LiveReload server is running on port 35729
[2022-05-05 13:13:24][INFO][DirectJDKLog.java:173] Starting ProtocolHandler ["http-nio-8080"]
[2022-05-05 13:13:24][INFO][TomcatWebServer.java:220] Tomcat started on port(s): 8080 (http) with context path ''
[2022-05-05 13:13:24][INFO][StartupInfoLogger.java:61] Started ShopApplication in 4.816 seconds (JVM running for 5.667)
[2022-05-05 13:13:30][INFO][DirectJDKLog.java:173] Initializing Spring DispatcherServlet 'dispatcherServlet'
[2022-05-05 13:13:30][INFO][FrameworkServlet.java:525] Initializing Servlet 'dispatcherServlet'
[2022-05-05 13:13:30][INFO][FrameworkServlet.java:547] Completed initialization in 1 ms
[2022-05-05 13:24:12][INFO][AbstractEntityManagerFactoryBean.java:651] Closing JPA EntityManagerFactory for persistence unit 'default'
[2022-05-05 13:24:12][INFO][SchemaDropperImpl.java:538] HHH000477: Starting delayed evictData of schema as part of SessionFactory shut-down'
[2022-05-05 13:24:21][INFO][Version.java:21] HV000001: Hibernate Validator 6.2.3.Final
[2022-05-05 13:24:21][INFO][StartupInfoLogger.java:55] Starting ShopApplication using Java 11.0.8 on DESKTOP-35LBMJ3 with PID 8336 (D:\MyProject\personal_project\ShoppingMall\shop\out\production\classes started by MoMoon in D:\MyProject\personal_project\ShoppingMall\shop)
[2022-05-05 13:24:21][INFO][SpringApplication.java:640] No active profile set, falling back to 1 default profile: "default"
[2022-05-05 13:24:21][INFO][DeferredLog.java:255] Devtools property defaults active! Set 'spring.devtools.add-properties' to 'false' to disable
[2022-05-05 13:24:21][INFO][DeferredLog.java:255] For additional web related logging consider setting the 'logging.level.web' property to 'DEBUG'
[2022-05-05 13:24:22][INFO][RepositoryConfigurationDelegate.java:132] Bootstrapping Spring Data JPA repositories in DEFAULT mode.
[2022-05-05 13:24:22][INFO][RepositoryConfigurationDelegate.java:201] Finished Spring Data repository scanning in 29 ms. Found 4 JPA repository interfaces.
[2022-05-05 13:24:22][INFO][TomcatWebServer.java:108] Tomcat initialized with port(s): 8080 (http)
[2022-05-05 13:24:22][INFO][DirectJDKLog.java:173] Initializing ProtocolHandler ["http-nio-8080"]
[2022-05-05 13:24:22][INFO][DirectJDKLog.java:173] Starting service [Tomcat]
[2022-05-05 13:24:22][INFO][DirectJDKLog.java:173] Starting Servlet engine: [Apache Tomcat/9.0.60]
[2022-05-05 13:24:22][INFO][DirectJDKLog.java:173] Initializing Spring embedded WebApplicationContext
[2022-05-05 13:24:22][INFO][ServletWebServerApplicationContext.java:290] Root WebApplicationContext: initialization completed in 798 ms
[2022-05-05 13:24:22][INFO][LogHelper.java:31] HHH000204: Processing PersistenceUnitInfo [name: default]
[2022-05-05 13:24:22][INFO][Version.java:44] HHH000412: Hibernate ORM core version 5.6.7.Final
[2022-05-05 13:24:22][INFO][JavaReflectionManager.java:56] HCANN000001: Hibernate Commons Annotations {5.1.2.Final}
[2022-05-05 13:24:22][INFO][HikariDataSource.java:110] HikariPool-1 - Starting...
[2022-05-05 13:24:22][INFO][HikariDataSource.java:123] HikariPool-1 - Start completed.
[2022-05-05 13:24:22][INFO][Dialect.java:175] HHH000400: Using dialect: org.hibernate.dialect.MariaDB106Dialect
[2022-05-05 13:24:23][INFO][JtaPlatformInitiator.java:52] HHH000490: Using JtaPlatform implementation: [org.hibernate.engine.transaction.jta.platform.internal.NoJtaPlatform]
[2022-05-05 13:24:23][INFO][AbstractEntityManagerFactoryBean.java:437] Initialized JPA EntityManagerFactory for persistence unit 'default'
[2022-05-05 13:24:23][WARN][JpaBaseConfiguration.java:219] spring.jpa.open-in-view is enabled by default. Therefore, database queries may be performed during view rendering. Explicitly configure spring.jpa.open-in-view to disable this warning
[2022-05-05 13:24:23][WARN][WebSecurity.java:294] You are asking Spring Security to ignore org.springframework.boot.autoconfigure.security.servlet.StaticResourceRequest$StaticResourceRequestMatcher@517f0bcc. This is not recommended -- please use permitAll via HttpSecurity#authorizeHttpRequests instead.
[2022-05-05 13:24:23][INFO][DefaultSecurityFilterChain.java:55] Will secure org.springframework.boot.autoconfigure.security.servlet.StaticResourceRequest$StaticResourceRequestMatcher@517f0bcc with []
[2022-05-05 13:24:23][WARN][WebSecurity.java:294] You are asking Spring Security to ignore Ant [pattern='/./templates/**']. This is not recommended -- please use permitAll via HttpSecurity#authorizeHttpRequests instead.
[2022-05-05 13:24:23][INFO][DefaultSecurityFilterChain.java:55] Will secure Ant [pattern='/./templates/**'] with []
[2022-05-05 13:24:23][INFO][DefaultSecurityFilterChain.java:52] Will not secure any request
[2022-05-05 13:24:23][WARN][AbstractApplicationContext.java:591] Exception encountered during context initialization - cancelling refresh attempt: org.springframework.beans.factory.BeanCreationException: Error creating bean with name 'dataSourceScriptDatabaseInitializer' defined in class path resource [org/springframework/boot/autoconfigure/sql/init/DataSourceInitializationConfiguration.class]: Invocation of init method failed; nested exception is org.springframework.jdbc.datasource.init.ScriptStatementFailedException: Failed to execute SQL script statement #1 of URL [file:/D:/MyProject/personal_project/ShoppingMall/shop/out/production/resources/data.sql]: INSERT INTO AUTHORITY (ID, AUTHORITY) VALUE (1, 'ADMIN'); nested exception is java.sql.SQLIntegrityConstraintViolationException: (conn=16) Duplicate entry '1' for key 'PRIMARY'
[2022-05-05 13:24:23][INFO][AbstractEntityManagerFactoryBean.java:651] Closing JPA EntityManagerFactory for persistence unit 'default'
[2022-05-05 13:24:23][INFO][HikariDataSource.java:350] HikariPool-1 - Shutdown initiated...
[2022-05-05 13:24:23][INFO][HikariDataSource.java:352] HikariPool-1 - Shutdown completed.
[2022-05-05 13:24:23][INFO][DirectJDKLog.java:173] Stopping service [Tomcat]
[2022-05-05 13:24:23][INFO][ConditionEvaluationReportLoggingListener.java:136] 

Error starting ApplicationContext. To display the conditions report re-run your application with 'debug' enabled.
[2022-05-05 13:24:23][ERROR][SpringApplication.java:830] Application run failed
org.springframework.beans.factory.BeanCreationException: Error creating bean with name 'dataSourceScriptDatabaseInitializer' defined in class path resource [org/springframework/boot/autoconfigure/sql/init/DataSourceInitializationConfiguration.class]: Invocation of init method failed; nested exception is org.springframework.jdbc.datasource.init.ScriptStatementFailedException: Failed to execute SQL script statement #1 of URL [file:/D:/MyProject/personal_project/ShoppingMall/shop/out/production/resources/data.sql]: INSERT INTO AUTHORITY (ID, AUTHORITY) VALUE (1, 'ADMIN'); nested exception is java.sql.SQLIntegrityConstraintViolationException: (conn=16) Duplicate entry '1' for key 'PRIMARY'
	at org.springframework.beans.factory.support.AbstractAutowireCapableBeanFactory.initializeBean(AbstractAutowireCapableBeanFactory.java:1804) ~[spring-beans-5.3.18.jar:5.3.18]
	at org.springframework.beans.factory.support.AbstractAutowireCapableBeanFactory.doCreateBean(AbstractAutowireCapableBeanFactory.java:620) ~[spring-beans-5.3.18.jar:5.3.18]
	at org.springframework.beans.factory.support.AbstractAutowireCapableBeanFactory.createBean(AbstractAutowireCapableBeanFactory.java:542) ~[spring-beans-5.3.18.jar:5.3.18]
	at org.springframework.beans.factory.support.AbstractBeanFactory.lambda$doGetBean$0(AbstractBeanFactory.java:335) ~[spring-beans-5.3.18.jar:5.3.18]
	at org.springframework.beans.factory.support.DefaultSingletonBeanRegistry.getSingleton(DefaultSingletonBeanRegistry.java:234) ~[spring-beans-5.3.18.jar:5.3.18]
	at org.springframework.beans.factory.support.AbstractBeanFactory.doGetBean(AbstractBeanFactory.java:333) ~[spring-beans-5.3.18.jar:5.3.18]
	at org.springframework.beans.factory.support.AbstractBeanFactory.getBean(AbstractBeanFactory.java:208) ~[spring-beans-5.3.18.jar:5.3.18]
	at org.springframework.beans.factory.support.AbstractBeanFactory.doGetBean(AbstractBeanFactory.java:322) ~[spring-beans-5.3.18.jar:5.3.18]
	at org.springframework.beans.factory.support.AbstractBeanFactory.getBean(AbstractBeanFactory.java:208) ~[spring-beans-5.3.18.jar:5.3.18]
	at org.springframework.beans.factory.support.DefaultListableBeanFactory.preInstantiateSingletons(DefaultListableBeanFactory.java:953) ~[spring-beans-5.3.18.jar:5.3.18]
	at org.springframework.context.support.AbstractApplicationContext.finishBeanFactoryInitialization(AbstractApplicationContext.java:918) ~[spring-context-5.3.18.jar:5.3.18]
	at org.springframework.context.support.AbstractApplicationContext.refresh(AbstractApplicationContext.java:583) ~[spring-context-5.3.18.jar:5.3.18]
	at org.springframework.boot.web.servlet.context.ServletWebServerApplicationContext.refresh(ServletWebServerApplicationContext.java:145) ~[spring-boot-2.6.6.jar:2.6.6]
	at org.springframework.boot.SpringApplication.refresh(SpringApplication.java:740) ~[spring-boot-2.6.6.jar:2.6.6]
	at org.springframework.boot.SpringApplication.refreshContext(SpringApplication.java:415) ~[spring-boot-2.6.6.jar:2.6.6]
	at org.springframework.boot.SpringApplication.run(SpringApplication.java:303) ~[spring-boot-2.6.6.jar:2.6.6]
	at org.springframework.boot.SpringApplication.run(SpringApplication.java:1312) ~[spring-boot-2.6.6.jar:2.6.6]
	at org.springframework.boot.SpringApplication.run(SpringApplication.java:1301) ~[spring-boot-2.6.6.jar:2.6.6]
	at com.project.shop.ShopApplication.main(ShopApplication.java:10) ~[classes/:?]
	at jdk.internal.reflect.NativeMethodAccessorImpl.invoke0(Native Method) ~[?:?]
	at jdk.internal.reflect.NativeMethodAccessorImpl.invoke(NativeMethodAccessorImpl.java:62) ~[?:?]
	at jdk.internal.reflect.DelegatingMethodAccessorImpl.invoke(DelegatingMethodAccessorImpl.java:43) ~[?:?]
	at java.lang.reflect.Method.invoke(Method.java:566) ~[?:?]
	at org.springframework.boot.devtools.restart.RestartLauncher.run(RestartLauncher.java:49) ~[spring-boot-devtools-2.6.6.jar:2.6.6]
Caused by: org.springframework.jdbc.datasource.init.ScriptStatementFailedException: Failed to execute SQL script statement #1 of URL [file:/D:/MyProject/personal_project/ShoppingMall/shop/out/production/resources/data.sql]: INSERT INTO AUTHORITY (ID, AUTHORITY) VALUE (1, 'ADMIN'); nested exception is java.sql.SQLIntegrityConstraintViolationException: (conn=16) Duplicate entry '1' for key 'PRIMARY'
	at org.springframework.jdbc.datasource.init.ScriptUtils.executeSqlScript(ScriptUtils.java:282) ~[spring-jdbc-5.3.18.jar:5.3.18]
	at org.springframework.jdbc.datasource.init.ResourceDatabasePopulator.populate(ResourceDatabasePopulator.java:254) ~[spring-jdbc-5.3.18.jar:5.3.18]
	at org.springframework.jdbc.datasource.init.DatabasePopulatorUtils.execute(DatabasePopulatorUtils.java:54) ~[spring-jdbc-5.3.18.jar:5.3.18]
	at org.springframework.boot.jdbc.init.DataSourceScriptDatabaseInitializer.runScripts(DataSourceScriptDatabaseInitializer.java:90) ~[spring-boot-2.6.6.jar:2.6.6]
	at org.springframework.boot.sql.init.AbstractScriptDatabaseInitializer.runScripts(AbstractScriptDatabaseInitializer.java:145) ~[spring-boot-2.6.6.jar:2.6.6]
	at org.springframework.boot.sql.init.AbstractScriptDatabaseInitializer.applyScripts(AbstractScriptDatabaseInitializer.java:107) ~[spring-boot-2.6.6.jar:2.6.6]
	at org.springframework.boot.sql.init.AbstractScriptDatabaseInitializer.applyDataScripts(AbstractScriptDatabaseInitializer.java:101) ~[spring-boot-2.6.6.jar:2.6.6]
	at org.springframework.boot.sql.init.AbstractScriptDatabaseInitializer.initializeDatabase(AbstractScriptDatabaseInitializer.java:76) ~[spring-boot-2.6.6.jar:2.6.6]
	at org.springframework.boot.sql.init.AbstractScriptDatabaseInitializer.afterPropertiesSet(AbstractScriptDatabaseInitializer.java:65) ~[spring-boot-2.6.6.jar:2.6.6]
	at org.springframework.beans.factory.support.AbstractAutowireCapableBeanFactory.invokeInitMethods(AbstractAutowireCapableBeanFactory.java:1863) ~[spring-beans-5.3.18.jar:5.3.18]
	at org.springframework.beans.factory.support.AbstractAutowireCapableBeanFactory.initializeBean(AbstractAutowireCapableBeanFactory.java:1800) ~[spring-beans-5.3.18.jar:5.3.18]
	... 23 more
Caused by: java.sql.SQLIntegrityConstraintViolationException: (conn=16) Duplicate entry '1' for key 'PRIMARY'
	at org.mariadb.jdbc.internal.util.exceptions.ExceptionFactory.createException(ExceptionFactory.java:70) ~[mariadb-java-client-2.7.5.jar:?]
	at org.mariadb.jdbc.internal.util.exceptions.ExceptionFactory.create(ExceptionFactory.java:158) ~[mariadb-java-client-2.7.5.jar:?]
	at org.mariadb.jdbc.MariaDbStatement.executeExceptionEpilogue(MariaDbStatement.java:266) ~[mariadb-java-client-2.7.5.jar:?]
	at org.mariadb.jdbc.MariaDbStatement.executeInternal(MariaDbStatement.java:366) ~[mariadb-java-client-2.7.5.jar:?]
	at org.mariadb.jdbc.MariaDbStatement.execute(MariaDbStatement.java:504) ~[mariadb-java-client-2.7.5.jar:?]
	at com.zaxxer.hikari.pool.ProxyStatement.execute(ProxyStatement.java:94) ~[HikariCP-4.0.3.jar:?]
	at com.zaxxer.hikari.pool.HikariProxyStatement.execute(HikariProxyStatement.java) ~[HikariCP-4.0.3.jar:?]
	at org.springframework.jdbc.datasource.init.ScriptUtils.executeSqlScript(ScriptUtils.java:261) ~[spring-jdbc-5.3.18.jar:5.3.18]
	at org.springframework.jdbc.datasource.init.ResourceDatabasePopulator.populate(ResourceDatabasePopulator.java:254) ~[spring-jdbc-5.3.18.jar:5.3.18]
	at org.springframework.jdbc.datasource.init.DatabasePopulatorUtils.execute(DatabasePopulatorUtils.java:54) ~[spring-jdbc-5.3.18.jar:5.3.18]
	at org.springframework.boot.jdbc.init.DataSourceScriptDatabaseInitializer.runScripts(DataSourceScriptDatabaseInitializer.java:90) ~[spring-boot-2.6.6.jar:2.6.6]
	at org.springframework.boot.sql.init.AbstractScriptDatabaseInitializer.runScripts(AbstractScriptDatabaseInitializer.java:145) ~[spring-boot-2.6.6.jar:2.6.6]
	at org.springframework.boot.sql.init.AbstractScriptDatabaseInitializer.applyScripts(AbstractScriptDatabaseInitializer.java:107) ~[spring-boot-2.6.6.jar:2.6.6]
	at org.springframework.boot.sql.init.AbstractScriptDatabaseInitializer.applyDataScripts(AbstractScriptDatabaseInitializer.java:101) ~[spring-boot-2.6.6.jar:2.6.6]
	at org.springframework.boot.sql.init.AbstractScriptDatabaseInitializer.initializeDatabase(AbstractScriptDatabaseInitializer.java:76) ~[spring-boot-2.6.6.jar:2.6.6]
	at org.springframework.boot.sql.init.AbstractScriptDatabaseInitializer.afterPropertiesSet(AbstractScriptDatabaseInitializer.java:65) ~[spring-boot-2.6.6.jar:2.6.6]
	at org.springframework.beans.factory.support.AbstractAutowireCapableBeanFactory.invokeInitMethods(AbstractAutowireCapableBeanFactory.java:1863) ~[spring-beans-5.3.18.jar:5.3.18]
	at org.springframework.beans.factory.support.AbstractAutowireCapableBeanFactory.initializeBean(AbstractAutowireCapableBeanFactory.java:1800) ~[spring-beans-5.3.18.jar:5.3.18]
	... 23 more
Caused by: org.mariadb.jdbc.internal.util.exceptions.MariaDbSqlException: Duplicate entry '1' for key 'PRIMARY'
	at org.mariadb.jdbc.internal.util.exceptions.MariaDbSqlException.of(MariaDbSqlException.java:34) ~[mariadb-java-client-2.7.5.jar:?]
	at org.mariadb.jdbc.internal.protocol.AbstractQueryProtocol.exceptionWithQuery(AbstractQueryProtocol.java:194) ~[mariadb-java-client-2.7.5.jar:?]
	at org.mariadb.jdbc.internal.protocol.AbstractQueryProtocol.executeQuery(AbstractQueryProtocol.java:262) ~[mariadb-java-client-2.7.5.jar:?]
	at org.mariadb.jdbc.MariaDbStatement.executeInternal(MariaDbStatement.java:360) ~[mariadb-java-client-2.7.5.jar:?]
	at org.mariadb.jdbc.MariaDbStatement.execute(MariaDbStatement.java:504) ~[mariadb-java-client-2.7.5.jar:?]
	at com.zaxxer.hikari.pool.ProxyStatement.execute(ProxyStatement.java:94) ~[HikariCP-4.0.3.jar:?]
	at com.zaxxer.hikari.pool.HikariProxyStatement.execute(HikariProxyStatement.java) ~[HikariCP-4.0.3.jar:?]
	at org.springframework.jdbc.datasource.init.ScriptUtils.executeSqlScript(ScriptUtils.java:261) ~[spring-jdbc-5.3.18.jar:5.3.18]
	at org.springframework.jdbc.datasource.init.ResourceDatabasePopulator.populate(ResourceDatabasePopulator.java:254) ~[spring-jdbc-5.3.18.jar:5.3.18]
	at org.springframework.jdbc.datasource.init.DatabasePopulatorUtils.execute(DatabasePopulatorUtils.java:54) ~[spring-jdbc-5.3.18.jar:5.3.18]
	at org.springframework.boot.jdbc.init.DataSourceScriptDatabaseInitializer.runScripts(DataSourceScriptDatabaseInitializer.java:90) ~[spring-boot-2.6.6.jar:2.6.6]
	at org.springframework.boot.sql.init.AbstractScriptDatabaseInitializer.runScripts(AbstractScriptDatabaseInitializer.java:145) ~[spring-boot-2.6.6.jar:2.6.6]
	at org.springframework.boot.sql.init.AbstractScriptDatabaseInitializer.applyScripts(AbstractScriptDatabaseInitializer.java:107) ~[spring-boot-2.6.6.jar:2.6.6]
	at org.springframework.boot.sql.init.AbstractScriptDatabaseInitializer.applyDataScripts(AbstractScriptDatabaseInitializer.java:101) ~[spring-boot-2.6.6.jar:2.6.6]
	at org.springframework.boot.sql.init.AbstractScriptDatabaseInitializer.initializeDatabase(AbstractScriptDatabaseInitializer.java:76) ~[spring-boot-2.6.6.jar:2.6.6]
	at org.springframework.boot.sql.init.AbstractScriptDatabaseInitializer.afterPropertiesSet(AbstractScriptDatabaseInitializer.java:65) ~[spring-boot-2.6.6.jar:2.6.6]
	at org.springframework.beans.factory.support.AbstractAutowireCapableBeanFactory.invokeInitMethods(AbstractAutowireCapableBeanFactory.java:1863) ~[spring-beans-5.3.18.jar:5.3.18]
	at org.springframework.beans.factory.support.AbstractAutowireCapableBeanFactory.initializeBean(AbstractAutowireCapableBeanFactory.java:1800) ~[spring-beans-5.3.18.jar:5.3.18]
	... 23 more
Caused by: java.sql.SQLException: Duplicate entry '1' for key 'PRIMARY'
	at org.mariadb.jdbc.internal.protocol.AbstractQueryProtocol.readErrorPacket(AbstractQueryProtocol.java:1695) ~[mariadb-java-client-2.7.5.jar:?]
	at org.mariadb.jdbc.internal.protocol.AbstractQueryProtocol.readPacket(AbstractQueryProtocol.java:1557) ~[mariadb-java-client-2.7.5.jar:?]
	at org.mariadb.jdbc.internal.protocol.AbstractQueryProtocol.getResult(AbstractQueryProtocol.java:1520) ~[mariadb-java-client-2.7.5.jar:?]
	at org.mariadb.jdbc.internal.protocol.AbstractQueryProtocol.executeQuery(AbstractQueryProtocol.java:256) ~[mariadb-java-client-2.7.5.jar:?]
	at org.mariadb.jdbc.MariaDbStatement.executeInternal(MariaDbStatement.java:360) ~[mariadb-java-client-2.7.5.jar:?]
	at org.mariadb.jdbc.MariaDbStatement.execute(MariaDbStatement.java:504) ~[mariadb-java-client-2.7.5.jar:?]
	at com.zaxxer.hikari.pool.ProxyStatement.execute(ProxyStatement.java:94) ~[HikariCP-4.0.3.jar:?]
	at com.zaxxer.hikari.pool.HikariProxyStatement.execute(HikariProxyStatement.java) ~[HikariCP-4.0.3.jar:?]
	at org.springframework.jdbc.datasource.init.ScriptUtils.executeSqlScript(ScriptUtils.java:261) ~[spring-jdbc-5.3.18.jar:5.3.18]
	at org.springframework.jdbc.datasource.init.ResourceDatabasePopulator.populate(ResourceDatabasePopulator.java:254) ~[spring-jdbc-5.3.18.jar:5.3.18]
	at org.springframework.jdbc.datasource.init.DatabasePopulatorUtils.execute(DatabasePopulatorUtils.java:54) ~[spring-jdbc-5.3.18.jar:5.3.18]
	at org.springframework.boot.jdbc.init.DataSourceScriptDatabaseInitializer.runScripts(DataSourceScriptDatabaseInitializer.java:90) ~[spring-boot-2.6.6.jar:2.6.6]
	at org.springframework.boot.sql.init.AbstractScriptDatabaseInitializer.runScripts(AbstractScriptDatabaseInitializer.java:145) ~[spring-boot-2.6.6.jar:2.6.6]
	at org.springframework.boot.sql.init.AbstractScriptDatabaseInitializer.applyScripts(AbstractScriptDatabaseInitializer.java:107) ~[spring-boot-2.6.6.jar:2.6.6]
	at org.springframework.boot.sql.init.AbstractScriptDatabaseInitializer.applyDataScripts(AbstractScriptDatabaseInitializer.java:101) ~[spring-boot-2.6.6.jar:2.6.6]
	at org.springframework.boot.sql.init.AbstractScriptDatabaseInitializer.initializeDatabase(AbstractScriptDatabaseInitializer.java:76) ~[spring-boot-2.6.6.jar:2.6.6]
	at org.springframework.boot.sql.init.AbstractScriptDatabaseInitializer.afterPropertiesSet(AbstractScriptDatabaseInitializer.java:65) ~[spring-boot-2.6.6.jar:2.6.6]
	at org.springframework.beans.factory.support.AbstractAutowireCapableBeanFactory.invokeInitMethods(AbstractAutowireCapableBeanFactory.java:1863) ~[spring-beans-5.3.18.jar:5.3.18]
	at org.springframework.beans.factory.support.AbstractAutowireCapableBeanFactory.initializeBean(AbstractAutowireCapableBeanFactory.java:1800) ~[spring-beans-5.3.18.jar:5.3.18]
	... 23 more
[2022-05-05 13:25:08][INFO][Version.java:21] HV000001: Hibernate Validator 6.2.3.Final
[2022-05-05 13:25:08][INFO][StartupInfoLogger.java:55] Starting ShopApplication using Java 11.0.8 on DESKTOP-35LBMJ3 with PID 12424 (D:\MyProject\personal_project\ShoppingMall\shop\out\production\classes started by MoMoon in D:\MyProject\personal_project\ShoppingMall\shop)
[2022-05-05 13:25:08][INFO][SpringApplication.java:640] No active profile set, falling back to 1 default profile: "default"
[2022-05-05 13:25:08][INFO][DeferredLog.java:255] Devtools property defaults active! Set 'spring.devtools.add-properties' to 'false' to disable
[2022-05-05 13:25:08][INFO][DeferredLog.java:255] For additional web related logging consider setting the 'logging.level.web' property to 'DEBUG'
[2022-05-05 13:25:09][INFO][RepositoryConfigurationDelegate.java:132] Bootstrapping Spring Data JPA repositories in DEFAULT mode.
[2022-05-05 13:25:09][INFO][RepositoryConfigurationDelegate.java:201] Finished Spring Data repository scanning in 29 ms. Found 4 JPA repository interfaces.
[2022-05-05 13:25:09][INFO][TomcatWebServer.java:108] Tomcat initialized with port(s): 8080 (http)
[2022-05-05 13:25:09][INFO][DirectJDKLog.java:173] Initializing ProtocolHandler ["http-nio-8080"]
[2022-05-05 13:25:09][INFO][DirectJDKLog.java:173] Starting service [Tomcat]
[2022-05-05 13:25:09][INFO][DirectJDKLog.java:173] Starting Servlet engine: [Apache Tomcat/9.0.60]
[2022-05-05 13:25:09][INFO][DirectJDKLog.java:173] Initializing Spring embedded WebApplicationContext
[2022-05-05 13:25:09][INFO][ServletWebServerApplicationContext.java:290] Root WebApplicationContext: initialization completed in 804 ms
[2022-05-05 13:25:09][INFO][LogHelper.java:31] HHH000204: Processing PersistenceUnitInfo [name: default]
[2022-05-05 13:25:09][INFO][Version.java:44] HHH000412: Hibernate ORM core version 5.6.7.Final
[2022-05-05 13:25:09][INFO][JavaReflectionManager.java:56] HCANN000001: Hibernate Commons Annotations {5.1.2.Final}
[2022-05-05 13:25:09][INFO][HikariDataSource.java:110] HikariPool-1 - Starting...
[2022-05-05 13:25:09][INFO][HikariDataSource.java:123] HikariPool-1 - Start completed.
[2022-05-05 13:25:09][INFO][Dialect.java:175] HHH000400: Using dialect: org.hibernate.dialect.MariaDB106Dialect
[2022-05-05 13:25:10][INFO][JtaPlatformInitiator.java:52] HHH000490: Using JtaPlatform implementation: [org.hibernate.engine.transaction.jta.platform.internal.NoJtaPlatform]
[2022-05-05 13:25:10][INFO][AbstractEntityManagerFactoryBean.java:437] Initialized JPA EntityManagerFactory for persistence unit 'default'
[2022-05-05 13:25:10][WARN][JpaBaseConfiguration.java:219] spring.jpa.open-in-view is enabled by default. Therefore, database queries may be performed during view rendering. Explicitly configure spring.jpa.open-in-view to disable this warning
[2022-05-05 13:25:10][WARN][WebSecurity.java:294] You are asking Spring Security to ignore org.springframework.boot.autoconfigure.security.servlet.StaticResourceRequest$StaticResourceRequestMatcher@369bbd8e. This is not recommended -- please use permitAll via HttpSecurity#authorizeHttpRequests instead.
[2022-05-05 13:25:10][INFO][DefaultSecurityFilterChain.java:55] Will secure org.springframework.boot.autoconfigure.security.servlet.StaticResourceRequest$StaticResourceRequestMatcher@369bbd8e with []
[2022-05-05 13:25:10][WARN][WebSecurity.java:294] You are asking Spring Security to ignore Ant [pattern='/./templates/**']. This is not recommended -- please use permitAll via HttpSecurity#authorizeHttpRequests instead.
[2022-05-05 13:25:10][INFO][DefaultSecurityFilterChain.java:55] Will secure Ant [pattern='/./templates/**'] with []
[2022-05-05 13:25:10][INFO][DefaultSecurityFilterChain.java:52] Will not secure any request
[2022-05-05 13:25:10][INFO][OptionalLiveReloadServer.java:58] LiveReload server is running on port 35729
[2022-05-05 13:25:10][INFO][DirectJDKLog.java:173] Starting ProtocolHandler ["http-nio-8080"]
[2022-05-05 13:25:10][INFO][TomcatWebServer.java:220] Tomcat started on port(s): 8080 (http) with context path ''
[2022-05-05 13:25:10][INFO][StartupInfoLogger.java:61] Started ShopApplication in 2.208 seconds (JVM running for 2.894)
[2022-05-05 13:25:17][INFO][DirectJDKLog.java:173] Initializing Spring DispatcherServlet 'dispatcherServlet'
[2022-05-05 13:25:17][INFO][FrameworkServlet.java:525] Initializing Servlet 'dispatcherServlet'
[2022-05-05 13:25:17][INFO][FrameworkServlet.java:547] Completed initialization in 1 ms
[2022-05-05 13:28:49][INFO][AbstractEntityManagerFactoryBean.java:651] Closing JPA EntityManagerFactory for persistence unit 'default'
[2022-05-05 13:28:49][INFO][HikariDataSource.java:350] HikariPool-1 - Shutdown initiated...
[2022-05-05 13:28:49][INFO][HikariDataSource.java:352] HikariPool-1 - Shutdown completed.
[2022-05-05 13:28:52][INFO][Version.java:21] HV000001: Hibernate Validator 6.2.3.Final
[2022-05-05 13:28:52][INFO][StartupInfoLogger.java:55] Starting ShopApplication using Java 11.0.8 on DESKTOP-35LBMJ3 with PID 11456 (D:\MyProject\personal_project\ShoppingMall\shop\out\production\classes started by MoMoon in D:\MyProject\personal_project\ShoppingMall\shop)
[2022-05-05 13:28:52][INFO][SpringApplication.java:640] No active profile set, falling back to 1 default profile: "default"
[2022-05-05 13:28:52][INFO][DeferredLog.java:255] Devtools property defaults active! Set 'spring.devtools.add-properties' to 'false' to disable
[2022-05-05 13:28:52][INFO][DeferredLog.java:255] For additional web related logging consider setting the 'logging.level.web' property to 'DEBUG'
[2022-05-05 13:28:52][INFO][RepositoryConfigurationDelegate.java:132] Bootstrapping Spring Data JPA repositories in DEFAULT mode.
[2022-05-05 13:28:52][INFO][RepositoryConfigurationDelegate.java:201] Finished Spring Data repository scanning in 30 ms. Found 4 JPA repository interfaces.
[2022-05-05 13:28:52][INFO][TomcatWebServer.java:108] Tomcat initialized with port(s): 8080 (http)
[2022-05-05 13:28:52][INFO][DirectJDKLog.java:173] Initializing ProtocolHandler ["http-nio-8080"]
[2022-05-05 13:28:52][INFO][DirectJDKLog.java:173] Starting service [Tomcat]
[2022-05-05 13:28:52][INFO][DirectJDKLog.java:173] Starting Servlet engine: [Apache Tomcat/9.0.60]
[2022-05-05 13:28:53][INFO][DirectJDKLog.java:173] Initializing Spring embedded WebApplicationContext
[2022-05-05 13:28:53][INFO][ServletWebServerApplicationContext.java:290] Root WebApplicationContext: initialization completed in 801 ms
[2022-05-05 13:28:53][INFO][LogHelper.java:31] HHH000204: Processing PersistenceUnitInfo [name: default]
[2022-05-05 13:28:53][INFO][Version.java:44] HHH000412: Hibernate ORM core version 5.6.7.Final
[2022-05-05 13:28:53][INFO][JavaReflectionManager.java:56] HCANN000001: Hibernate Commons Annotations {5.1.2.Final}
[2022-05-05 13:28:53][INFO][HikariDataSource.java:110] HikariPool-1 - Starting...
[2022-05-05 13:28:53][INFO][HikariDataSource.java:123] HikariPool-1 - Start completed.
[2022-05-05 13:28:53][INFO][Dialect.java:175] HHH000400: Using dialect: org.hibernate.dialect.MariaDB106Dialect
[2022-05-05 13:28:53][INFO][JtaPlatformInitiator.java:52] HHH000490: Using JtaPlatform implementation: [org.hibernate.engine.transaction.jta.platform.internal.NoJtaPlatform]
[2022-05-05 13:28:53][INFO][AbstractEntityManagerFactoryBean.java:437] Initialized JPA EntityManagerFactory for persistence unit 'default'
[2022-05-05 13:28:53][WARN][JpaBaseConfiguration.java:219] spring.jpa.open-in-view is enabled by default. Therefore, database queries may be performed during view rendering. Explicitly configure spring.jpa.open-in-view to disable this warning
[2022-05-05 13:28:53][WARN][WebSecurity.java:294] You are asking Spring Security to ignore org.springframework.boot.autoconfigure.security.servlet.StaticResourceRequest$StaticResourceRequestMatcher@96dbd1d. This is not recommended -- please use permitAll via HttpSecurity#authorizeHttpRequests instead.
[2022-05-05 13:28:53][INFO][DefaultSecurityFilterChain.java:55] Will secure org.springframework.boot.autoconfigure.security.servlet.StaticResourceRequest$StaticResourceRequestMatcher@96dbd1d with []
[2022-05-05 13:28:53][WARN][WebSecurity.java:294] You are asking Spring Security to ignore Ant [pattern='/./templates/**']. This is not recommended -- please use permitAll via HttpSecurity#authorizeHttpRequests instead.
[2022-05-05 13:28:53][INFO][DefaultSecurityFilterChain.java:55] Will secure Ant [pattern='/./templates/**'] with []
[2022-05-05 13:28:53][INFO][DefaultSecurityFilterChain.java:52] Will not secure any request
[2022-05-05 13:28:54][INFO][OptionalLiveReloadServer.java:58] LiveReload server is running on port 35729
[2022-05-05 13:28:54][INFO][DirectJDKLog.java:173] Starting ProtocolHandler ["http-nio-8080"]
[2022-05-05 13:28:54][INFO][TomcatWebServer.java:220] Tomcat started on port(s): 8080 (http) with context path ''
[2022-05-05 13:28:54][INFO][StartupInfoLogger.java:61] Started ShopApplication in 2.144 seconds (JVM running for 2.889)
[2022-05-05 13:29:01][INFO][DirectJDKLog.java:173] Initializing Spring DispatcherServlet 'dispatcherServlet'
[2022-05-05 13:29:01][INFO][FrameworkServlet.java:525] Initializing Servlet 'dispatcherServlet'
[2022-05-05 13:29:01][INFO][FrameworkServlet.java:547] Completed initialization in 1 ms
[2022-05-05 13:30:45][INFO][AbstractEntityManagerFactoryBean.java:651] Closing JPA EntityManagerFactory for persistence unit 'default'
[2022-05-05 13:30:45][INFO][HikariDataSource.java:350] HikariPool-1 - Shutdown initiated...
[2022-05-05 13:30:45][INFO][HikariDataSource.java:352] HikariPool-1 - Shutdown completed.
[2022-05-05 13:30:48][INFO][Version.java:21] HV000001: Hibernate Validator 6.2.3.Final
[2022-05-05 13:30:48][INFO][StartupInfoLogger.java:55] Starting ShopApplication using Java 11.0.8 on DESKTOP-35LBMJ3 with PID 13140 (D:\MyProject\personal_project\ShoppingMall\shop\out\production\classes started by MoMoon in D:\MyProject\personal_project\ShoppingMall\shop)
[2022-05-05 13:30:48][INFO][SpringApplication.java:640] No active profile set, falling back to 1 default profile: "default"
[2022-05-05 13:30:48][INFO][DeferredLog.java:255] Devtools property defaults active! Set 'spring.devtools.add-properties' to 'false' to disable
[2022-05-05 13:30:48][INFO][DeferredLog.java:255] For additional web related logging consider setting the 'logging.level.web' property to 'DEBUG'
[2022-05-05 13:30:49][INFO][RepositoryConfigurationDelegate.java:132] Bootstrapping Spring Data JPA repositories in DEFAULT mode.
[2022-05-05 13:30:49][INFO][RepositoryConfigurationDelegate.java:201] Finished Spring Data repository scanning in 28 ms. Found 4 JPA repository interfaces.
[2022-05-05 13:30:49][INFO][TomcatWebServer.java:108] Tomcat initialized with port(s): 8080 (http)
[2022-05-05 13:30:49][INFO][DirectJDKLog.java:173] Initializing ProtocolHandler ["http-nio-8080"]
[2022-05-05 13:30:49][INFO][DirectJDKLog.java:173] Starting service [Tomcat]
[2022-05-05 13:30:49][INFO][DirectJDKLog.java:173] Starting Servlet engine: [Apache Tomcat/9.0.60]
[2022-05-05 13:30:49][INFO][DirectJDKLog.java:173] Initializing Spring embedded WebApplicationContext
[2022-05-05 13:30:49][INFO][ServletWebServerApplicationContext.java:290] Root WebApplicationContext: initialization completed in 761 ms
[2022-05-05 13:30:49][INFO][LogHelper.java:31] HHH000204: Processing PersistenceUnitInfo [name: default]
[2022-05-05 13:30:49][INFO][Version.java:44] HHH000412: Hibernate ORM core version 5.6.7.Final
[2022-05-05 13:30:49][INFO][JavaReflectionManager.java:56] HCANN000001: Hibernate Commons Annotations {5.1.2.Final}
[2022-05-05 13:30:49][INFO][HikariDataSource.java:110] HikariPool-1 - Starting...
[2022-05-05 13:30:49][INFO][HikariDataSource.java:123] HikariPool-1 - Start completed.
[2022-05-05 13:30:49][INFO][Dialect.java:175] HHH000400: Using dialect: org.hibernate.dialect.MariaDB106Dialect
[2022-05-05 13:30:50][INFO][JtaPlatformInitiator.java:52] HHH000490: Using JtaPlatform implementation: [org.hibernate.engine.transaction.jta.platform.internal.NoJtaPlatform]
[2022-05-05 13:30:50][INFO][AbstractEntityManagerFactoryBean.java:437] Initialized JPA EntityManagerFactory for persistence unit 'default'
[2022-05-05 13:30:50][WARN][JpaBaseConfiguration.java:219] spring.jpa.open-in-view is enabled by default. Therefore, database queries may be performed during view rendering. Explicitly configure spring.jpa.open-in-view to disable this warning
[2022-05-05 13:30:50][WARN][WebSecurity.java:294] You are asking Spring Security to ignore org.springframework.boot.autoconfigure.security.servlet.StaticResourceRequest$StaticResourceRequestMatcher@2f88e255. This is not recommended -- please use permitAll via HttpSecurity#authorizeHttpRequests instead.
[2022-05-05 13:30:50][INFO][DefaultSecurityFilterChain.java:55] Will secure org.springframework.boot.autoconfigure.security.servlet.StaticResourceRequest$StaticResourceRequestMatcher@2f88e255 with []
[2022-05-05 13:30:50][WARN][WebSecurity.java:294] You are asking Spring Security to ignore Ant [pattern='/./templates/**']. This is not recommended -- please use permitAll via HttpSecurity#authorizeHttpRequests instead.
[2022-05-05 13:30:50][INFO][DefaultSecurityFilterChain.java:55] Will secure Ant [pattern='/./templates/**'] with []
[2022-05-05 13:30:50][INFO][DefaultSecurityFilterChain.java:52] Will not secure any request
[2022-05-05 13:30:50][INFO][OptionalLiveReloadServer.java:58] LiveReload server is running on port 35729
[2022-05-05 13:30:50][INFO][DirectJDKLog.java:173] Starting ProtocolHandler ["http-nio-8080"]
[2022-05-05 13:30:50][INFO][TomcatWebServer.java:220] Tomcat started on port(s): 8080 (http) with context path ''
[2022-05-05 13:30:50][INFO][StartupInfoLogger.java:61] Started ShopApplication in 2.157 seconds (JVM running for 3.103)
[2022-05-05 13:30:56][INFO][DirectJDKLog.java:173] Initializing Spring DispatcherServlet 'dispatcherServlet'
[2022-05-05 13:30:56][INFO][FrameworkServlet.java:525] Initializing Servlet 'dispatcherServlet'
[2022-05-05 13:30:56][INFO][FrameworkServlet.java:547] Completed initialization in 0 ms
[2022-05-05 13:31:39][INFO][AbstractEntityManagerFactoryBean.java:651] Closing JPA EntityManagerFactory for persistence unit 'default'
[2022-05-05 13:31:39][INFO][HikariDataSource.java:350] HikariPool-1 - Shutdown initiated...
[2022-05-05 13:31:39][INFO][HikariDataSource.java:352] HikariPool-1 - Shutdown completed.
[2022-05-05 13:31:42][INFO][Version.java:21] HV000001: Hibernate Validator 6.2.3.Final
[2022-05-05 13:31:42][INFO][StartupInfoLogger.java:55] Starting ShopApplication using Java 11.0.8 on DESKTOP-35LBMJ3 with PID 17860 (D:\MyProject\personal_project\ShoppingMall\shop\out\production\classes started by MoMoon in D:\MyProject\personal_project\ShoppingMall\shop)
[2022-05-05 13:31:42][INFO][SpringApplication.java:640] No active profile set, falling back to 1 default profile: "default"
[2022-05-05 13:31:42][INFO][DeferredLog.java:255] Devtools property defaults active! Set 'spring.devtools.add-properties' to 'false' to disable
[2022-05-05 13:31:42][INFO][DeferredLog.java:255] For additional web related logging consider setting the 'logging.level.web' property to 'DEBUG'
[2022-05-05 13:31:42][INFO][RepositoryConfigurationDelegate.java:132] Bootstrapping Spring Data JPA repositories in DEFAULT mode.
[2022-05-05 13:31:42][INFO][RepositoryConfigurationDelegate.java:201] Finished Spring Data repository scanning in 28 ms. Found 4 JPA repository interfaces.
[2022-05-05 13:31:43][INFO][TomcatWebServer.java:108] Tomcat initialized with port(s): 8080 (http)
[2022-05-05 13:31:43][INFO][DirectJDKLog.java:173] Initializing ProtocolHandler ["http-nio-8080"]
[2022-05-05 13:31:43][INFO][DirectJDKLog.java:173] Starting service [Tomcat]
[2022-05-05 13:31:43][INFO][DirectJDKLog.java:173] Starting Servlet engine: [Apache Tomcat/9.0.60]
[2022-05-05 13:31:43][INFO][DirectJDKLog.java:173] Initializing Spring embedded WebApplicationContext
[2022-05-05 13:31:43][INFO][ServletWebServerApplicationContext.java:290] Root WebApplicationContext: initialization completed in 793 ms
[2022-05-05 13:31:43][INFO][LogHelper.java:31] HHH000204: Processing PersistenceUnitInfo [name: default]
[2022-05-05 13:31:43][INFO][Version.java:44] HHH000412: Hibernate ORM core version 5.6.7.Final
[2022-05-05 13:31:43][INFO][JavaReflectionManager.java:56] HCANN000001: Hibernate Commons Annotations {5.1.2.Final}
[2022-05-05 13:31:43][INFO][HikariDataSource.java:110] HikariPool-1 - Starting...
[2022-05-05 13:31:43][INFO][HikariDataSource.java:123] HikariPool-1 - Start completed.
[2022-05-05 13:31:43][INFO][Dialect.java:175] HHH000400: Using dialect: org.hibernate.dialect.MariaDB106Dialect
[2022-05-05 13:31:43][INFO][JtaPlatformInitiator.java:52] HHH000490: Using JtaPlatform implementation: [org.hibernate.engine.transaction.jta.platform.internal.NoJtaPlatform]
[2022-05-05 13:31:43][INFO][AbstractEntityManagerFactoryBean.java:437] Initialized JPA EntityManagerFactory for persistence unit 'default'
[2022-05-05 13:31:44][WARN][JpaBaseConfiguration.java:219] spring.jpa.open-in-view is enabled by default. Therefore, database queries may be performed during view rendering. Explicitly configure spring.jpa.open-in-view to disable this warning
[2022-05-05 13:31:44][WARN][WebSecurity.java:294] You are asking Spring Security to ignore org.springframework.boot.autoconfigure.security.servlet.StaticResourceRequest$StaticResourceRequestMatcher@2b97bae3. This is not recommended -- please use permitAll via HttpSecurity#authorizeHttpRequests instead.
[2022-05-05 13:31:44][INFO][DefaultSecurityFilterChain.java:55] Will secure org.springframework.boot.autoconfigure.security.servlet.StaticResourceRequest$StaticResourceRequestMatcher@2b97bae3 with []
[2022-05-05 13:31:44][WARN][WebSecurity.java:294] You are asking Spring Security to ignore Ant [pattern='/./templates/**']. This is not recommended -- please use permitAll via HttpSecurity#authorizeHttpRequests instead.
[2022-05-05 13:31:44][INFO][DefaultSecurityFilterChain.java:55] Will secure Ant [pattern='/./templates/**'] with []
[2022-05-05 13:31:44][INFO][DefaultSecurityFilterChain.java:52] Will not secure any request
[2022-05-05 13:31:44][INFO][OptionalLiveReloadServer.java:58] LiveReload server is running on port 35729
[2022-05-05 13:31:44][INFO][DirectJDKLog.java:173] Starting ProtocolHandler ["http-nio-8080"]
[2022-05-05 13:31:44][INFO][TomcatWebServer.java:220] Tomcat started on port(s): 8080 (http) with context path ''
[2022-05-05 13:31:44][INFO][StartupInfoLogger.java:61] Started ShopApplication in 2.198 seconds (JVM running for 2.885)
[2022-05-05 13:31:46][INFO][DirectJDKLog.java:173] Initializing Spring DispatcherServlet 'dispatcherServlet'
[2022-05-05 13:31:46][INFO][FrameworkServlet.java:525] Initializing Servlet 'dispatcherServlet'
[2022-05-05 13:31:46][INFO][FrameworkServlet.java:547] Completed initialization in 1 ms
[2022-05-05 13:36:51][INFO][AbstractEntityManagerFactoryBean.java:651] Closing JPA EntityManagerFactory for persistence unit 'default'
[2022-05-05 13:36:51][INFO][HikariDataSource.java:350] HikariPool-1 - Shutdown initiated...
[2022-05-05 13:36:51][INFO][HikariDataSource.java:352] HikariPool-1 - Shutdown completed.
[2022-05-05 13:36:54][INFO][Version.java:21] HV000001: Hibernate Validator 6.2.3.Final
[2022-05-05 13:36:54][INFO][StartupInfoLogger.java:55] Starting ShopApplication using Java 11.0.8 on DESKTOP-35LBMJ3 with PID 8904 (D:\MyProject\personal_project\ShoppingMall\shop\out\production\classes started by MoMoon in D:\MyProject\personal_project\ShoppingMall\shop)
[2022-05-05 13:36:54][INFO][SpringApplication.java:640] No active profile set, falling back to 1 default profile: "default"
[2022-05-05 13:36:54][INFO][DeferredLog.java:255] Devtools property defaults active! Set 'spring.devtools.add-properties' to 'false' to disable
[2022-05-05 13:36:54][INFO][DeferredLog.java:255] For additional web related logging consider setting the 'logging.level.web' property to 'DEBUG'
[2022-05-05 13:36:55][INFO][RepositoryConfigurationDelegate.java:132] Bootstrapping Spring Data JPA repositories in DEFAULT mode.
[2022-05-05 13:36:55][INFO][RepositoryConfigurationDelegate.java:201] Finished Spring Data repository scanning in 27 ms. Found 4 JPA repository interfaces.
[2022-05-05 13:36:55][INFO][TomcatWebServer.java:108] Tomcat initialized with port(s): 8080 (http)
[2022-05-05 13:36:55][INFO][DirectJDKLog.java:173] Initializing ProtocolHandler ["http-nio-8080"]
[2022-05-05 13:36:55][INFO][DirectJDKLog.java:173] Starting service [Tomcat]
[2022-05-05 13:36:55][INFO][DirectJDKLog.java:173] Starting Servlet engine: [Apache Tomcat/9.0.60]
[2022-05-05 13:36:55][INFO][DirectJDKLog.java:173] Initializing Spring embedded WebApplicationContext
[2022-05-05 13:36:55][INFO][ServletWebServerApplicationContext.java:290] Root WebApplicationContext: initialization completed in 781 ms
[2022-05-05 13:36:55][INFO][LogHelper.java:31] HHH000204: Processing PersistenceUnitInfo [name: default]
[2022-05-05 13:36:55][INFO][Version.java:44] HHH000412: Hibernate ORM core version 5.6.7.Final
[2022-05-05 13:36:55][INFO][JavaReflectionManager.java:56] HCANN000001: Hibernate Commons Annotations {5.1.2.Final}
[2022-05-05 13:36:55][INFO][HikariDataSource.java:110] HikariPool-1 - Starting...
[2022-05-05 13:36:55][INFO][HikariDataSource.java:123] HikariPool-1 - Start completed.
[2022-05-05 13:36:55][INFO][Dialect.java:175] HHH000400: Using dialect: org.hibernate.dialect.MariaDB106Dialect
[2022-05-05 13:36:56][INFO][JtaPlatformInitiator.java:52] HHH000490: Using JtaPlatform implementation: [org.hibernate.engine.transaction.jta.platform.internal.NoJtaPlatform]
[2022-05-05 13:36:56][INFO][AbstractEntityManagerFactoryBean.java:437] Initialized JPA EntityManagerFactory for persistence unit 'default'
[2022-05-05 13:36:56][WARN][JpaBaseConfiguration.java:219] spring.jpa.open-in-view is enabled by default. Therefore, database queries may be performed during view rendering. Explicitly configure spring.jpa.open-in-view to disable this warning
[2022-05-05 13:36:56][WARN][WebSecurity.java:294] You are asking Spring Security to ignore org.springframework.boot.autoconfigure.security.servlet.StaticResourceRequest$StaticResourceRequestMatcher@3de0cda6. This is not recommended -- please use permitAll via HttpSecurity#authorizeHttpRequests instead.
[2022-05-05 13:36:56][INFO][DefaultSecurityFilterChain.java:55] Will secure org.springframework.boot.autoconfigure.security.servlet.StaticResourceRequest$StaticResourceRequestMatcher@3de0cda6 with []
[2022-05-05 13:36:56][WARN][WebSecurity.java:294] You are asking Spring Security to ignore Ant [pattern='/./templates/**']. This is not recommended -- please use permitAll via HttpSecurity#authorizeHttpRequests instead.
[2022-05-05 13:36:56][INFO][DefaultSecurityFilterChain.java:55] Will secure Ant [pattern='/./templates/**'] with []
[2022-05-05 13:36:56][INFO][DefaultSecurityFilterChain.java:52] Will not secure any request
[2022-05-05 13:36:56][INFO][OptionalLiveReloadServer.java:58] LiveReload server is running on port 35729
[2022-05-05 13:36:56][INFO][DirectJDKLog.java:173] Starting ProtocolHandler ["http-nio-8080"]
[2022-05-05 13:36:56][INFO][TomcatWebServer.java:220] Tomcat started on port(s): 8080 (http) with context path ''
[2022-05-05 13:36:56][INFO][StartupInfoLogger.java:61] Started ShopApplication in 2.228 seconds (JVM running for 3.218)
[2022-05-05 13:37:00][INFO][DirectJDKLog.java:173] Initializing Spring DispatcherServlet 'dispatcherServlet'
[2022-05-05 13:37:00][INFO][FrameworkServlet.java:525] Initializing Servlet 'dispatcherServlet'
[2022-05-05 13:37:00][INFO][FrameworkServlet.java:547] Completed initialization in 1 ms
[2022-05-05 13:41:22][INFO][AbstractEntityManagerFactoryBean.java:651] Closing JPA EntityManagerFactory for persistence unit 'default'
[2022-05-05 13:41:22][INFO][HikariDataSource.java:350] HikariPool-1 - Shutdown initiated...
[2022-05-05 13:41:22][INFO][HikariDataSource.java:352] HikariPool-1 - Shutdown completed.
